app/build/outputs/logs/manifest-merger-debug-report.txt
-- Merging decision tree log ---
manifest
ADDED from src\main\AndroidManifest.xml:2:1-112:12
	package
		ADDED from src\main\AndroidManifest.xml:3:5-31
		INJECTED from src\main\AndroidManifest.xml
		INJECTED from src\main\AndroidManifest.xml
	android:versionName
		ADDED from src\main\AndroidManifest.xml:5:5-30
		INJECTED from src\main\AndroidManifest.xml
		INJECTED from src\main\AndroidManifest.xml
	android:versionCode
		ADDED from src\main\AndroidManifest.xml:4:5-28
		INJECTED from src\main\AndroidManifest.xml
		INJECTED from src\main\AndroidManifest.xml
	xmlns:android
		ADDED from src\main\AndroidManifest.xml:2:11-69
uses-sdk
ADDED from src\main\AndroidManifest.xml:7:5-9:41
MERGED from [com.android.support:support-v4:21.0.3] AndroidManifest.xml:15:5-42
	android:targetSdkVersion
		ADDED from src\main\AndroidManifest.xml:9:9-38
		INJECTED from src\main\AndroidManifest.xml
		INJECTED from src\main\AndroidManifest.xml
	android:minSdkVersion
		ADDED from src\main\AndroidManifest.xml:8:9-35
		INJECTED from src\main\AndroidManifest.xml
		INJECTED from src\main\AndroidManifest.xml
uses-permission#android.permission.NFC
ADDED from src\main\AndroidManifest.xml:11:5-62
	android:name
		ADDED from src\main\AndroidManifest.xml:11:22-59
uses-permission#android.permission.CAMERA
ADDED from src\main\AndroidManifest.xml:12:5-65
	android:name
		ADDED from src\main\AndroidManifest.xml:12:22-62
uses-permission#android.permission.INTERNET
ADDED from src\main\AndroidManifest.xml:13:5-67
	android:name
		ADDED from src\main\AndroidManifest.xml:13:22-64
uses-permission#android.permission.VIBRATE
ADDED from src\main\AndroidManifest.xml:14:5-66
	android:name
		ADDED from src\main\AndroidManifest.xml:14:22-63
uses-permission#android.permission.FLASHLIGHT
ADDED from src\main\AndroidManifest.xml:15:5-69
	android:name
		ADDED from src\main\AndroidManifest.xml:15:22-66
uses-permission#android.permission.ACCESS_WIFI_STATE
ADDED from src\main\AndroidManifest.xml:16:5-76
	android:name
		ADDED from src\main\AndroidManifest.xml:16:22-73
uses-permission#android.permission.ACCESS_NETWORK_STATE
ADDED from src\main\AndroidManifest.xml:17:5-79
	android:name
		ADDED from src\main\AndroidManifest.xml:17:22-76
uses-permission#android.permission.READ_CONTACTS
ADDED from src\main\AndroidManifest.xml:24:5-72
	android:name
		ADDED from src\main\AndroidManifest.xml:24:22-69
uses-permission#com.android.browser.permission.READ_HISTORY_BOOKMARKS
ADDED from src\main\AndroidManifest.xml:25:5-93
	android:name
		ADDED from src\main\AndroidManifest.xml:25:22-90
uses-permission#android.permission.WRITE_EXTERNAL_STORAGE
ADDED from src\main\AndroidManifest.xml:26:5-81
	android:name
		ADDED from src\main\AndroidManifest.xml:26:22-78
uses-permission#android.permission.CHANGE_WIFI_STATE
ADDED from src\main\AndroidManifest.xml:27:5-76
	android:name
		ADDED from src\main\AndroidManifest.xml:27:22-73
android:uses-permission#android.permission.READ_PHONE_STATE
ADDED from src\main\AndroidManifest.xml:34:5-83
	android:name
		ADDED from src\main\AndroidManifest.xml:34:30-80
android:uses-permission#android.permission.READ_EXTERNAL_STORAGE
ADDED from src\main\AndroidManifest.xml:35:5-88
	android:name
		ADDED from src\main\AndroidManifest.xml:35:30-85
application
ADDED from src\main\AndroidManifest.xml:37:5-110:19
MERGED from [com.android.support:support-v4:21.0.3] AndroidManifest.xml:16:5-19
	android:label
		ADDED from src\main\AndroidManifest.xml:40:9-29
	android:allowBackup
		ADDED from src\main\AndroidManifest.xml:38:9-35
	android:icon
		ADDED from src\main\AndroidManifest.xml:39:9-43
	android:theme
		ADDED from src\main\AndroidManifest.xml:41:9-40
activity#com.enjoyor.soft.system.login.LoginActivity
ADDED from src\main\AndroidManifest.xml:42:9-50:20
	android:label
		ADDED from src\main\AndroidManifest.xml:44:13-33
	android:name
		ADDED from src\main\AndroidManifest.xml:43:13-55
intent-filter#android.intent.action.MAIN+android.intent.category.LAUNCHER
ADDED from src\main\AndroidManifest.xml:45:13-49:29
action#android.intent.action.MAIN
ADDED from src\main\AndroidManifest.xml:46:17-69
	android:name
		ADDED from src\main\AndroidManifest.xml:46:25-66
category#android.intent.category.LAUNCHER
ADDED from src\main\AndroidManifest.xml:48:17-77
	android:name
		ADDED from src\main\AndroidManifest.xml:48:27-74
activity#com.enjoyor.soft.product.xungeng.ChaCangRecordActivity
ADDED from src\main\AndroidManifest.xml:51:9-75
	android:name
		ADDED from src\main\AndroidManifest.xml:51:19-72
activity#com.enjoyor.soft.product.car.activity.StoreTask
ADDED from src\main\AndroidManifest.xml:52:9-55:56
	android:launchMode
		ADDED from src\main\AndroidManifest.xml:55:13-44
	android:alwaysRetainTaskState
		ADDED from src\main\AndroidManifest.xml:54:13-49
	android:name
		ADDED from src\main\AndroidManifest.xml:53:13-59
activity#com.enjoyor.soft.product.megcenter.activity.MsgCenterActivity
ADDED from src\main\AndroidManifest.xml:56:9-58:47
	android:launchMode
		ADDED from src\main\AndroidManifest.xml:58:13-44
	android:name
		ADDED from src\main\AndroidManifest.xml:57:13-73
activity#com.enjoyor.soft.product.wenshidu.activity.Wendu
ADDED from src\main\AndroidManifest.xml:59:9-69
	android:name
		ADDED from src\main\AndroidManifest.xml:59:19-66
activity#com.enjoyor.soft.product.wenshidu.activity.Shidu
ADDED from src\main\AndroidManifest.xml:60:9-69
	android:name
		ADDED from src\main\AndroidManifest.xml:60:19-66
activity#com.enjoyor.soft.system.index.Menu
ADDED from src\main\AndroidManifest.xml:61:9-55
	android:name
		ADDED from src\main\AndroidManifest.xml:61:19-52
activity#com.htl.Zxing.decoding.CaptureActivity
ADDED from src\main\AndroidManifest.xml:62:9-75
	android:name
		ADDED from src\main\AndroidManifest.xml:62:19-72
service#com.enjoyor.soft.product.car.service.StoreMsgService
ADDED from src\main\AndroidManifest.xml:64:9-72
	android:name
		ADDED from src\main\AndroidManifest.xml:64:18-69
service#com.enjoyor.soft.product.xungeng.XunGengActivity
ADDED from src\main\AndroidManifest.xml:65:9-68
	android:name
		ADDED from src\main\AndroidManifest.xml:65:18-65
activity#com.enjoyor.soft.product.megcenter.activity.MergeActivity
ADDED from src\main\AndroidManifest.xml:67:9-69:56
	android:launchMode
		ADDED from src\main\AndroidManifest.xml:69:13-44
	android:name
		ADDED from src\main\AndroidManifest.xml:68:13-69
activity#com.enjoyor.soft.product.megcenter.activity.MsgWeiDuActivity
ADDED from src\main\AndroidManifest.xml:70:9-72:47
	android:launchMode
		ADDED from src\main\AndroidManifest.xml:72:13-44
	android:name
		ADDED from src\main\AndroidManifest.xml:71:13-72
activity#com.enjoyor.soft.product.chacang.ChooseNOactivity
ADDED from src\main\AndroidManifest.xml:73:9-70
	android:name
		ADDED from src\main\AndroidManifest.xml:73:19-67
activity#com.enjoyor.soft.product.chacang.ChacangActivity
ADDED from src\main\AndroidManifest.xml:74:9-69
	android:name
		ADDED from src\main\AndroidManifest.xml:74:19-66
activity#com.enjoyor.soft.product.xungeng.XunGengActivity
ADDED from src\main\AndroidManifest.xml:75:9-69
	android:name
		ADDED from src\main\AndroidManifest.xml:75:19-66
activity#com.enjoyor.soft.product.nfcwirte.Activity_writerfid
ADDED from src\main\AndroidManifest.xml:76:9-82
	android:name
		ADDED from src\main\AndroidManifest.xml:76:19-70
activity#com.enjoyor.soft.product.car.activity.RightContent
ADDED from src\main\AndroidManifest.xml:77:9-80
	android:name
		ADDED from src\main\AndroidManifest.xml:77:19-68
activity#cilico.tools.Nfcreceive
ADDED from src\main\AndroidManifest.xml:80:9-104:20
	android:configChanges
		ADDED from src\main\AndroidManifest.xml:82:13-63
	android:theme
		ADDED from src\main\AndroidManifest.xml:83:13-50
	android:name
		ADDED from src\main\AndroidManifest.xml:81:13-51
intent-filter#com.lql.service.ServiceDemo
ADDED from src\main\AndroidManifest.xml:84:13-86:29
action#com.lql.service.ServiceDemo
ADDED from src\main\AndroidManifest.xml:85:17-70
	android:name
		ADDED from src\main\AndroidManifest.xml:85:25-67
intent-filter#android.nfc.action.NDEF_DISCOVERED
ADDED from src\main\AndroidManifest.xml:87:13-91:29
action#android.nfc.action.NDEF_DISCOVERED
ADDED from src\main\AndroidManifest.xml:88:17-77
	android:name
		ADDED from src\main\AndroidManifest.xml:88:25-74
data
ADDED from src\main\AndroidManifest.xml:90:17-55
	android:mimeType
		ADDED from src\main\AndroidManifest.xml:90:23-52
intent-filter#android.intent.category.DEFAULT+android.nfc.action.TAG_DISCOVERED
ADDED from src\main\AndroidManifest.xml:92:13-96:29
action#android.nfc.action.TAG_DISCOVERED
ADDED from src\main\AndroidManifest.xml:93:17-76
	android:name
		ADDED from src\main\AndroidManifest.xml:93:25-73
category#android.intent.category.DEFAULT
ADDED from src\main\AndroidManifest.xml:95:17-76
	android:name
		ADDED from src\main\AndroidManifest.xml:95:27-73
intent-filter#android.nfc.action.TECH_DISCOVERED
ADDED from src\main\AndroidManifest.xml:97:13-99:29
action#android.nfc.action.TECH_DISCOVERED
ADDED from src\main\AndroidManifest.xml:98:17-77
	android:name
		ADDED from src\main\AndroidManifest.xml:98:25-74
meta-data#android.nfc.action.TECH_DISCOVERED
ADDED from src\main\AndroidManifest.xml:101:13-103:59
	android:resource
		ADDED from src\main\AndroidManifest.xml:103:17-56
	android:name
		ADDED from src\main\AndroidManifest.xml:102:17-66
activity#com.enjoyor.soft.product.TongFeng.TongFengActivity
ADDED from src\main\AndroidManifest.xml:107:9-71
	android:name
		ADDED from src\main\AndroidManifest.xml:107:19-68
activity#com.enjoyor.soft.product.TongFeng.TestActivity
ADDED from src\main\AndroidManifest.xml:108:9-67
	android:name
		ADDED from src\main\AndroidManifest.xml:108:19-64
activity#com.enjoyor.soft.product.cyweight.CYWeight
ADDED from src\main\AndroidManifest.xml:109:9-72
	android:name
		ADDED from src\main\AndroidManifest.xml:109:19-60